<?xml version="1.0" encoding="UTF-8"?>
<!-- Generated by org.testng.reporters.JUnitXMLReporter -->
<testsuite ignored="0" hostname="Carloss-MacBook-Pro.local" failures="0" tests="7" name="Surefire test" time="0.128" errors="0" timestamp="2020-12-23T13:54:12 PET">
  <testcase classname="blockudoku.BlockudokuTest" name="checkPointsTest" time="0.024"/>
  <testcase classname="blockudoku.BlockudokuTest" name="constructorTest" time="0.0"/>
  <testcase classname="blockudoku.BlockudokuTest" name="elegirPiezaTest" time="0.002"/>
  <testcase classname="blockudoku.BlockudokuTest" name="ponerPiezaEncimaDeOtraTest" time="0.0"/>
  <testcase classname="blockudoku.BlockudokuTest" name="ponerPiezaTest" time="0.0"/>
  <testcase classname="blockudoku.BlockudokuTest" name="printBoardTest" time="0.034"/>
  <testcase classname="blockudoku.BlockudokuTest" name="printOpcionesTest" time="0.017"/>
</testsuite> <!-- Surefire test -->
