<?xml version="1.0" encoding="UTF-8"?>
<testng-results ignored="0" total="7" passed="7" failed="0" skipped="0">
  <reporter-output>
  </reporter-output>
  <suite started-at="2020-12-23T13:54:11 PET" name="Surefire suite" finished-at="2020-12-23T13:54:11 PET" duration-ms="128">
    <groups>
    </groups>
    <test started-at="2020-12-23T13:54:11 PET" name="Surefire test" finished-at="2020-12-23T13:54:11 PET" duration-ms="128">
      <class name="blockudoku.BlockudokuTest">
        <test-method signature="checkPointsTest()[pri:0, instance:blockudoku.BlockudokuTest@2e51d054]" started-at="2020-12-23T13:54:11 PET" name="checkPointsTest" finished-at="2020-12-23T13:54:11 PET" duration-ms="24" status="PASS">
          <reporter-output>
          </reporter-output>
        </test-method> <!-- checkPointsTest -->
        <test-method signature="elegirPiezaTest()[pri:0, instance:blockudoku.BlockudokuTest@2e51d054]" started-at="2020-12-23T13:54:11 PET" name="elegirPiezaTest" finished-at="2020-12-23T13:54:11 PET" duration-ms="2" status="PASS">
          <reporter-output>
          </reporter-output>
        </test-method> <!-- elegirPiezaTest -->
        <test-method signature="constructorTest()[pri:0, instance:blockudoku.BlockudokuTest@2e51d054]" started-at="2020-12-23T13:54:11 PET" name="constructorTest" finished-at="2020-12-23T13:54:11 PET" duration-ms="0" status="PASS">
          <reporter-output>
          </reporter-output>
        </test-method> <!-- constructorTest -->
        <test-method signature="ponerPiezaEncimaDeOtraTest()[pri:0, instance:blockudoku.BlockudokuTest@2e51d054]" started-at="2020-12-23T13:54:11 PET" name="ponerPiezaEncimaDeOtraTest" finished-at="2020-12-23T13:54:11 PET" duration-ms="0" status="PASS">
          <reporter-output>
          </reporter-output>
        </test-method> <!-- ponerPiezaEncimaDeOtraTest -->
        <test-method signature="printBoardTest()[pri:0, instance:blockudoku.BlockudokuTest@2e51d054]" started-at="2020-12-23T13:54:11 PET" name="printBoardTest" finished-at="2020-12-23T13:54:11 PET" duration-ms="34" status="PASS">
          <reporter-output>
          </reporter-output>
        </test-method> <!-- printBoardTest -->
        <test-method signature="ponerPiezaTest()[pri:0, instance:blockudoku.BlockudokuTest@2e51d054]" started-at="2020-12-23T13:54:11 PET" name="ponerPiezaTest" finished-at="2020-12-23T13:54:11 PET" duration-ms="0" status="PASS">
          <reporter-output>
          </reporter-output>
        </test-method> <!-- ponerPiezaTest -->
        <test-method signature="printOpcionesTest()[pri:0, instance:blockudoku.BlockudokuTest@2e51d054]" started-at="2020-12-23T13:54:11 PET" name="printOpcionesTest" finished-at="2020-12-23T13:54:11 PET" duration-ms="17" status="PASS">
          <reporter-output>
          </reporter-output>
        </test-method> <!-- printOpcionesTest -->
      </class> <!-- blockudoku.BlockudokuTest -->
    </test> <!-- Surefire test -->
  </suite> <!-- Surefire suite -->
</testng-results>
