<?xml version="1.0" encoding="UTF-8"?>
<testsuite xmlns:xsi="http://www.w3.org/2001/XMLSchema-instance" xsi:noNamespaceSchemaLocation="https://maven.apache.org/surefire/maven-surefire-plugin/xsd/surefire-test-report.xsd" name="blockudoku.BlockudokuTest" time="0.559" tests="7" errors="0" skipped="0" failures="0">
  <properties>
[...]
</properties>
  <testcase name="checkPointsTest" classname="blockudoku.BlockudokuTest" time="0.024"/>
  <testcase name="constructorTest" classname="blockudoku.BlockudokuTest" time="0"/>
  <testcase name="elegirPiezaTest" classname="blockudoku.BlockudokuTest" time="0.001"/>
  <testcase name="ponerPiezaEncimaDeOtraTest" classname="blockudoku.BlockudokuTest" time="0.001"/>
  <testcase name="ponerPiezaTest" classname="blockudoku.BlockudokuTest" time="0"/>
  <testcase name="printBoardTest" classname="blockudoku.BlockudokuTest" time="0.034"/>
  <testcase name="printOpcionesTest" classname="blockudoku.BlockudokuTest" time="0.017"/>
</testsuite>